<?xml version="1.0" encoding="UTF-8"?>
<!-- Generated by org.testng.reporters.JUnitXMLReporter -->
<testsuite ignored="1" hostname="Giron" failures="4" tests="4" name="Incidents" time="2.358" errors="0" timestamp="2023-02-23T18:39:34 PST">
  <testcase classname="io.cucumber.testng.AbstractTestNGCucumberTests" name="@BeforeClass setUpClass" time="0.076">
    <failure type="java.lang.NoClassDefFoundError" message="io/cucumber/gherkin/GherkinParser">
      <![CDATA[java.lang.NoClassDefFoundError: io/cucumber/gherkin/GherkinParser
at io.cucumber.core.gherkin.messages.GherkinMessagesFeatureParser.parse(GherkinMessagesFeatureParser.java:41)
at io.cucumber.core.feature.FeatureParser.parseResource(FeatureParser.java:46)
at java.base/java.util.function.BiFunction.lambda$andThen$0(BiFunction.java:70)
at io.cucumber.core.resource.ResourceScanner.lambda$processResource$1(ResourceScanner.java:79)
at io.cucumber.core.resource.PathScanner$ResourceFileVisitor.visitFile(PathScanner.java:75)
at io.cucumber.core.resource.PathScanner$ResourceFileVisitor.visitFile(PathScanner.java:60)
at java.base/java.nio.file.Files.walkFileTree(Files.java:2810)
at io.cucumber.core.resource.PathScanner.findResourcesForPath(PathScanner.java:53)
at io.cucumber.core.resource.PathScanner.findResourcesForUri(PathScanner.java:31)
at io.cucumber.core.resource.ResourceScanner.findResourcesForUri(ResourceScanner.java:61)
at io.cucumber.core.resource.ResourceScanner.scanForResourcesUri(ResourceScanner.java:134)
at io.cucumber.core.runtime.FeaturePathFeatureSupplier.loadFeatures(FeaturePathFeatureSupplier.java:62)
at io.cucumber.core.runtime.FeaturePathFeatureSupplier.get(FeaturePathFeatureSupplier.java:45)
at io.cucumber.testng.TestNGCucumberRunner.<init>(TestNGCucumberRunner.java:122)
at io.cucumber.testng.AbstractTestNGCucumberTests.setUpClass(AbstractTestNGCucumberTests.java:27)
at java.base/java.util.ArrayList.forEach(ArrayList.java:1511)
Caused by: java.lang.ClassNotFoundException: io.cucumber.gherkin.GherkinParser
at java.base/jdk.internal.loader.BuiltinClassLoader.loadClass(BuiltinClassLoader.java:641)
at java.base/jdk.internal.loader.ClassLoaders$AppClassLoader.loadClass(ClassLoaders.java:188)
at java.base/java.lang.ClassLoader.loadClass(ClassLoader.java:521)
... 39 more
... Removed 23 stack frames]]>
    </failure>
  </testcase> <!-- @BeforeClass setUpClass -->
  <testcase classname="services.IncidentTests" name="CreateIncidents1" time="1.234">
    <failure type="java.lang.AssertionError" message="1 expectation failed.
Expected status code &amp;lt;201&amp;gt; but was &amp;lt;200&amp;gt;.
">
      <![CDATA[java.lang.AssertionError: 1 expectation failed.
Expected status code <201> but was <200>.

at org.codehaus.groovy.runtime.callsite.ConstructorSite$ConstructorSiteNoUnwrapNoCoerce.callConstructor(ConstructorSite.java:108)
at org.codehaus.groovy.runtime.callsite.CallSiteArray.defaultCallConstructor(CallSiteArray.java:57)
at org.codehaus.groovy.runtime.callsite.AbstractCallSite.callConstructor(AbstractCallSite.java:263)
at org.codehaus.groovy.runtime.callsite.AbstractCallSite.callConstructor(AbstractCallSite.java:277)
at io.restassured.internal.ResponseSpecificationImpl$HamcrestAssertionClosure.validate(ResponseSpecificationImpl.groovy:512)
at io.restassured.internal.ResponseSpecificationImpl$HamcrestAssertionClosure$validate$1.call(Unknown Source)
at org.codehaus.groovy.runtime.callsite.CallSiteArray.defaultCall(CallSiteArray.java:45)
at org.codehaus.groovy.runtime.callsite.AbstractCallSite.call(AbstractCallSite.java:125)
at org.codehaus.groovy.runtime.callsite.AbstractCallSite.call(AbstractCallSite.java:139)
at io.restassured.internal.ResponseSpecificationImpl.validateResponseIfRequired(ResponseSpecificationImpl.groovy:696)
at io.restassured.internal.ResponseSpecificationImpl.this$2$validateResponseIfRequired(ResponseSpecificationImpl.groovy)
at org.codehaus.groovy.runtime.callsite.PlainObjectMetaMethodSite.doInvoke(PlainObjectMetaMethodSite.java:43)
at org.codehaus.groovy.runtime.callsite.PogoMetaMethodSite$PogoCachedMethodSiteNoUnwrapNoCoerce.invoke(PogoMetaMethodSite.java:198)
at org.codehaus.groovy.runtime.callsite.PogoMetaMethodSite.callCurrent(PogoMetaMethodSite.java:62)
at org.codehaus.groovy.runtime.callsite.CallSiteArray.defaultCallCurrent(CallSiteArray.java:49)
at org.codehaus.groovy.runtime.callsite.AbstractCallSite.callCurrent(AbstractCallSite.java:171)
at org.codehaus.groovy.runtime.callsite.AbstractCallSite.callCurrent(AbstractCallSite.java:185)
at io.restassured.internal.ResponseSpecificationImpl.statusCode(ResponseSpecificationImpl.groovy:135)
at io.restassured.specification.ResponseSpecification$statusCode$0.callCurrent(Unknown Source)
at org.codehaus.groovy.runtime.callsite.CallSiteArray.defaultCallCurrent(CallSiteArray.java:49)
at org.codehaus.groovy.runtime.callsite.AbstractCallSite.callCurrent(AbstractCallSite.java:171)
at org.codehaus.groovy.runtime.callsite.AbstractCallSite.callCurrent(AbstractCallSite.java:185)
at io.restassured.internal.ResponseSpecificationImpl.statusCode(ResponseSpecificationImpl.groovy:143)
at io.restassured.internal.ValidatableResponseOptionsImpl.statusCode(ValidatableResponseOptionsImpl.java:89)
at services.IncidentTests.CreateIncidents1(IncidentTests.java:34)
at java.base/java.util.ArrayList.forEach(ArrayList.java:1511)
... Removed 31 stack frames]]>
    </failure>
  </testcase> <!-- CreateIncidents1 -->
  <testcase classname="services.IncidentTests" name="getIncidents1" time="0.325">
    <failure type="java.lang.AssertionError" message="2 expectations failed.
Response body doesn&amp;apos;t match expectation.
Expected: a string containing &amp;quot;number&amp;quot;
  Actual: &amp;lt;html&amp;gt;
    &amp;lt;head&amp;gt;
        &amp;lt;meta HTTP-EQUIV=&amp;quot;refresh&amp;quot; content=&amp;quot;5;https://developer.servicenow.com/dev.do#!/home?wu=true&amp;quot;&amp;gt;
        &amp;lt;title&amp;gt;
            Instance Hibernating page
        &amp;lt;/title&amp;gt;
        &amp;lt;style&amp;gt;
            @font-face {
                font-family: &amp;quot;Gilroy-Bold&amp;quot;;
                font-style: normal;
                 font-weight: normal;
                src: url(&amp;quot;gilroy-bold-webfont.woff2&amp;quot;) format(&amp;quot;woff2&amp;quot;),
                     url(&amp;quot;gilroy-bold-webfont.woff&amp;quot;) format(&amp;quot;woff&amp;quot;);
            }
            @font-face {
                font-family: &amp;quot;Gilroy-Regular&amp;quot;;
                font-style: normal;
                font-weight: normal;
                src: url(&amp;quot;gilroy-regular-webfont.woff2&amp;quot;) format(&amp;quot;woff2&amp;quot;),
                     url(&amp;quot;gilroy-regular-webfont.woff&amp;quot;) format(&amp;quot;woff&amp;quot;);
            }
            @font-face {
                font-family: &amp;apos;Gilroy-Medium&amp;apos;;
                font-style: normal;
                font-weight: normal;
                src: url(&amp;apos;gilroy-medium-webfont.woff2&amp;apos;) format(&amp;apos;woff2&amp;apos;),
                     url(&amp;apos;gilroy-medium-webfont.woff&amp;apos;) format(&amp;apos;woff&amp;apos;);
            }
            @font-face {
                font-family: &amp;apos;SourceSansPro-Regular&amp;apos;;
                src: url(&amp;quot;source-sans-pro-v11-latin-regular.woff2&amp;quot;) format(&amp;quot;woff2&amp;quot;),
                     url(&amp;quot;source-sans-pro-v11-latin-regular.woff&amp;quot;) format(&amp;quot;woff&amp;quot;);
            }
            body {
                background-color: #293D40;
            }
            h1 {
                margin: 150px 0 90px 0;
                color: rgb(255, 255, 255);
                font-family: Gilroy-Bold;
                font-size: 38px;
                font-weight: bold;
                height: 42px;
                letter-spacing: 0;
                line-height: 42px;
                width: 520px;
            }
            a {
                color: rgb(255, 255, 255);
                text-decoration: none;
            }
            button {
                padding: 9px 0 27px 0;
                background: rgb(255, 255, 255);
                margin-left: 26%;
                cursor: pointer;
            }
            .instance-hibernating-page {
                max-width: 600px;
                margin: auto;
                padding: 10px;
            }
            .resting-image {
                height: fit-content;
                position: relative;
            }
            .information {
                margin: 30px 0 0 -80px;
                color: rgb(255, 255, 255);
                font-family: Gilroy-Regular;
                font-size: 21px;
                font-weight: normal;
                height: 64px;
                letter-spacing: 0;
                line-height: 32px;
                text-align: center;
                width: 665px;
            }
            .external-link {
                text-decoration: underline;
            }
            .button-text {
                color: rgb(71, 77, 82);
                font-family: Gilroy-Medium;
                font-size: 15px;
                height: 17px;
                letter-spacing: 0;
                width: 172px;
            }
            .button-arrow {
                padding-left: 2px;
            }
            .redirection-text {
                margin: 64px 0 0 8%;
                color: rgb(255, 255, 255);
                font-family: SourceSansPro-Regular;
                font-size: 13px;
                font-weight: normal;
                height: 20px;
                letter-spacing: 0;
                line-height: 20px;
                width: 410px;
            }
            .texture-image {
                margin: 0 60px 0 1133px;
                position: absolute;
                width: 240px;
                top: 0;
                right: 0;
            }
        &amp;lt;/style&amp;gt;
    &amp;lt;/head&amp;gt;
    &amp;lt;body&amp;gt;
        &amp;lt;div class=&amp;quot;instance-hibernating-page&amp;quot;&amp;gt;
            &amp;lt;h1&amp;gt;Your instance is hibernating&amp;lt;/h1&amp;gt;
            &amp;lt;img class=&amp;quot;resting-image&amp;quot; src=&amp;quot;https://sndevstore.blob.core.windows.net/images/Hibernating-page_Resting-Image-Asset.svg&amp;quot; alt=&amp;quot;texture_image&amp;quot; width=&amp;quot;500&amp;quot; height=&amp;quot;300&amp;quot;&amp;gt;
            &amp;lt;p class=&amp;quot;information&amp;quot;&amp;gt;Sign in to the site to wake your instance&amp;lt;/p&amp;gt;
            &amp;lt;button onclick=&amp;quot;location.href=&amp;apos;https://developer.servicenow.com/dev.do#!/home?wu=true&amp;apos;;&amp;quot; class =&amp;quot;button-text&amp;quot;&amp;gt;Sign in
                &amp;lt;span class=&amp;quot;button-arrow&amp;quot;&amp;gt;
                    &amp;lt;svg xmlns=&amp;quot;http://www.w3.org/2000/svg&amp;quot; aria-hidden=&amp;quot;true&amp;quot; viewBox=&amp;quot;0 0 12 12&amp;quot; style=&amp;quot;width: 0.75rem; height: 0.75rem;&amp;quot;&amp;gt;
                        &amp;lt;g stroke=&amp;quot;none&amp;quot; fill=&amp;quot;none&amp;quot;&amp;gt;&amp;lt;path fill=&amp;quot;currentColor&amp;quot; d=&amp;quot;M9.11 6L5.815 2.704l.707-.708L11 6.475l-4.479 4.479-.707-.708L9.061 7H1.003V6z&amp;quot;&amp;gt;&amp;lt;/path&amp;gt;&amp;lt;/g&amp;gt;
                    &amp;lt;/svg&amp;gt;
                &amp;lt;/span&amp;gt;
            &amp;lt;/button&amp;gt;
            &amp;lt;p class=&amp;quot;information&amp;quot;&amp;gt;
                Want to find out why instances hibernate? Read more about instances in the
                &amp;lt;a href=&amp;quot;https://developer.servicenow.com/dev.do#!/guides/latest/developer-program/pdi-guide/personal-developer-instance-guide-introduction&amp;quot; target=&amp;quot;_blank&amp;quot;&amp;gt;
                    &amp;lt;span class=&amp;quot;external-link&amp;quot;&amp;gt;
                        Personal Developer Instance Guide
                    &amp;lt;/span&amp;gt;
                    &amp;lt;svg xmlns=&amp;quot;http://www.w3.org/2000/svg&amp;quot; aria-hidden=&amp;quot;true&amp;quot; viewBox=&amp;quot;0 0 16 16&amp;quot; style=&amp;quot;width: 1rem; height: 1rem;&amp;quot;&amp;gt;
                        &amp;lt;g stroke=&amp;quot;none&amp;quot; fill=&amp;quot;none&amp;quot;&amp;gt;
                            &amp;lt;path fill=&amp;quot;currentColor&amp;quot; d=&amp;quot;M5 3v1h6.293l-8.651 8.648.707.707L12 4.707v6.294h1V3z&amp;quot;&amp;gt;
                            &amp;lt;/path&amp;gt;
                        &amp;lt;/g&amp;gt;
                    &amp;lt;/svg&amp;gt;
                &amp;lt;/a&amp;gt;
            &amp;lt;/p&amp;gt;
            &amp;lt;p class=&amp;quot;redirection-text&amp;quot;&amp;gt;You&amp;apos;ll be automatically redirected to the ServiceNow Developer Site shortly&amp;lt;/p&amp;gt;
            &amp;lt;img class=&amp;quot;texture-image&amp;quot; src=&amp;quot;https://sndevstore.blob.core.windows.net/images/Hibernating-page_Texture-image-asset.png&amp;quot; alt=&amp;quot;circles&amp;quot;&amp;gt;
        &amp;lt;/div&amp;gt;
    &amp;lt;/body&amp;gt;
&amp;lt;/html&amp;gt;


Response body doesn&amp;apos;t match expectation.
Expected: a string containing &amp;quot;sys_id&amp;quot;
  Actual: &amp;lt;html&amp;gt;
    &amp;lt;head&amp;gt;
        &amp;lt;meta HTTP-EQUIV=&amp;quot;refresh&amp;quot; content=&amp;quot;5;https://developer.servicenow.com/dev.do#!/home?wu=true&amp;quot;&amp;gt;
        &amp;lt;title&amp;gt;
            Instance Hibernating page
        &amp;lt;/title&amp;gt;
        &amp;lt;style&amp;gt;
            @font-face {
                font-family: &amp;quot;Gilroy-Bold&amp;quot;;
                font-style: normal;
                 font-weight: normal;
                src: url(&amp;quot;gilroy-bold-webfont.woff2&amp;quot;) format(&amp;quot;woff2&amp;quot;),
                     url(&amp;quot;gilroy-bold-webfont.woff&amp;quot;) format(&amp;quot;woff&amp;quot;);
            }
            @font-face {
                font-family: &amp;quot;Gilroy-Regular&amp;quot;;
                font-style: normal;
                font-weight: normal;
                src: url(&amp;quot;gilroy-regular-webfont.woff2&amp;quot;) format(&amp;quot;woff2&amp;quot;),
                     url(&amp;quot;gilroy-regular-webfont.woff&amp;quot;) format(&amp;quot;woff&amp;quot;);
            }
            @font-face {
                font-family: &amp;apos;Gilroy-Medium&amp;apos;;
                font-style: normal;
                font-weight: normal;
                src: url(&amp;apos;gilroy-medium-webfont.woff2&amp;apos;) format(&amp;apos;woff2&amp;apos;),
                     url(&amp;apos;gilroy-medium-webfont.woff&amp;apos;) format(&amp;apos;woff&amp;apos;);
            }
            @font-face {
                font-family: &amp;apos;SourceSansPro-Regular&amp;apos;;
                src: url(&amp;quot;source-sans-pro-v11-latin-regular.woff2&amp;quot;) format(&amp;quot;woff2&amp;quot;),
                     url(&amp;quot;source-sans-pro-v11-latin-regular.woff&amp;quot;) format(&amp;quot;woff&amp;quot;);
            }
            body {
                background-color: #293D40;
            }
            h1 {
                margin: 150px 0 90px 0;
                color: rgb(255, 255, 255);
                font-family: Gilroy-Bold;
                font-size: 38px;
                font-weight: bold;
                height: 42px;
                letter-spacing: 0;
                line-height: 42px;
                width: 520px;
            }
            a {
                color: rgb(255, 255, 255);
                text-decoration: none;
            }
            button {
                padding: 9px 0 27px 0;
                background: rgb(255, 255, 255);
                margin-left: 26%;
                cursor: pointer;
            }
            .instance-hibernating-page {
                max-width: 600px;
                margin: auto;
                padding: 10px;
            }
            .resting-image {
                height: fit-content;
                position: relative;
            }
            .information {
                margin: 30px 0 0 -80px;
                color: rgb(255, 255, 255);
                font-family: Gilroy-Regular;
                font-size: 21px;
                font-weight: normal;
                height: 64px;
                letter-spacing: 0;
                line-height: 32px;
                text-align: center;
                width: 665px;
            }
            .external-link {
                text-decoration: underline;
            }
            .button-text {
                color: rgb(71, 77, 82);
                font-family: Gilroy-Medium;
                font-size: 15px;
                height: 17px;
                letter-spacing: 0;
                width: 172px;
            }
            .button-arrow {
                padding-left: 2px;
            }
            .redirection-text {
                margin: 64px 0 0 8%;
                color: rgb(255, 255, 255);
                font-family: SourceSansPro-Regular;
                font-size: 13px;
                font-weight: normal;
                height: 20px;
                letter-spacing: 0;
                line-height: 20px;
                width: 410px;
            }
            .texture-image {
                margin: 0 60px 0 1133px;
                position: absolute;
                width: 240px;
                top: 0;
                right: 0;
            }
        &amp;lt;/style&amp;gt;
    &amp;lt;/head&amp;gt;
    &amp;lt;body&amp;gt;
        &amp;lt;div class=&amp;quot;instance-hibernating-page&amp;quot;&amp;gt;
            &amp;lt;h1&amp;gt;Your instance is hibernating&amp;lt;/h1&amp;gt;
            &amp;lt;img class=&amp;quot;resting-image&amp;quot; src=&amp;quot;https://sndevstore.blob.core.windows.net/images/Hibernating-page_Resting-Image-Asset.svg&amp;quot; alt=&amp;quot;texture_image&amp;quot; width=&amp;quot;500&amp;quot; height=&amp;quot;300&amp;quot;&amp;gt;
            &amp;lt;p class=&amp;quot;information&amp;quot;&amp;gt;Sign in to the site to wake your instance&amp;lt;/p&amp;gt;
            &amp;lt;button onclick=&amp;quot;location.href=&amp;apos;https://developer.servicenow.com/dev.do#!/home?wu=true&amp;apos;;&amp;quot; class =&amp;quot;button-text&amp;quot;&amp;gt;Sign in
                &amp;lt;span class=&amp;quot;button-arrow&amp;quot;&amp;gt;
                    &amp;lt;svg xmlns=&amp;quot;http://www.w3.org/2000/svg&amp;quot; aria-hidden=&amp;quot;true&amp;quot; viewBox=&amp;quot;0 0 12 12&amp;quot; style=&amp;quot;width: 0.75rem; height: 0.75rem;&amp;quot;&amp;gt;
                        &amp;lt;g stroke=&amp;quot;none&amp;quot; fill=&amp;quot;none&amp;quot;&amp;gt;&amp;lt;path fill=&amp;quot;currentColor&amp;quot; d=&amp;quot;M9.11 6L5.815 2.704l.707-.708L11 6.475l-4.479 4.479-.707-.708L9.061 7H1.003V6z&amp;quot;&amp;gt;&amp;lt;/path&amp;gt;&amp;lt;/g&amp;gt;
                    &amp;lt;/svg&amp;gt;
                &amp;lt;/span&amp;gt;
            &amp;lt;/button&amp;gt;
            &amp;lt;p class=&amp;quot;information&amp;quot;&amp;gt;
                Want to find out why instances hibernate? Read more about instances in the
                &amp;lt;a href=&amp;quot;https://developer.servicenow.com/dev.do#!/guides/latest/developer-program/pdi-guide/personal-developer-instance-guide-introduction&amp;quot; target=&amp;quot;_blank&amp;quot;&amp;gt;
                    &amp;lt;span class=&amp;quot;external-link&amp;quot;&amp;gt;
                        Personal Developer Instance Guide
                    &amp;lt;/span&amp;gt;
                    &amp;lt;svg xmlns=&amp;quot;http://www.w3.org/2000/svg&amp;quot; aria-hidden=&amp;quot;true&amp;quot; viewBox=&amp;quot;0 0 16 16&amp;quot; style=&amp;quot;width: 1rem; height: 1rem;&amp;quot;&amp;gt;
                        &amp;lt;g stroke=&amp;quot;none&amp;quot; fill=&amp;quot;none&amp;quot;&amp;gt;
                            &amp;lt;path fill=&amp;quot;currentColor&amp;quot; d=&amp;quot;M5 3v1h6.293l-8.651 8.648.707.707L12 4.707v6.294h1V3z&amp;quot;&amp;gt;
                            &amp;lt;/path&amp;gt;
                        &amp;lt;/g&amp;gt;
                    &amp;lt;/svg&amp;gt;
                &amp;lt;/a&amp;gt;
            &amp;lt;/p&amp;gt;
            &amp;lt;p class=&amp;quot;redirection-text&amp;quot;&amp;gt;You&amp;apos;ll be automatically redirected to the ServiceNow Developer Site shortly&amp;lt;/p&amp;gt;
            &amp;lt;img class=&amp;quot;texture-image&amp;quot; src=&amp;quot;https://sndevstore.blob.core.windows.net/images/Hibernating-page_Texture-image-asset.png&amp;quot; alt=&amp;quot;circles&amp;quot;&amp;gt;
        &amp;lt;/div&amp;gt;
    &amp;lt;/body&amp;gt;
&amp;lt;/html&amp;gt;

">
      <![CDATA[java.lang.AssertionError: 2 expectations failed.
Response body doesn't match expectation.
Expected: a string containing "number"
  Actual: <html>
    <head>
        <meta HTTP-EQUIV="refresh" content="5;https://developer.servicenow.com/dev.do#!/home?wu=true">
        <title>
            Instance Hibernating page
        </title>
        <style>
            @font-face {
                font-family: "Gilroy-Bold";
                font-style: normal;
                 font-weight: normal;
                src: url("gilroy-bold-webfont.woff2") format("woff2"),
                     url("gilroy-bold-webfont.woff") format("woff");
            }
            @font-face {
                font-family: "Gilroy-Regular";
                font-style: normal;
                font-weight: normal;
                src: url("gilroy-regular-webfont.woff2") format("woff2"),
                     url("gilroy-regular-webfont.woff") format("woff");
            }
            @font-face {
                font-family: 'Gilroy-Medium';
                font-style: normal;
                font-weight: normal;
                src: url('gilroy-medium-webfont.woff2') format('woff2'),
                     url('gilroy-medium-webfont.woff') format('woff');
            }
            @font-face {
                font-family: 'SourceSansPro-Regular';
                src: url("source-sans-pro-v11-latin-regular.woff2") format("woff2"),
                     url("source-sans-pro-v11-latin-regular.woff") format("woff");
            }
            body {
                background-color: #293D40;
            }
            h1 {
                margin: 150px 0 90px 0;
                color: rgb(255, 255, 255);
                font-family: Gilroy-Bold;
                font-size: 38px;
                font-weight: bold;
                height: 42px;
                letter-spacing: 0;
                line-height: 42px;
                width: 520px;
            }
            a {
                color: rgb(255, 255, 255);
                text-decoration: none;
            }
            button {
                padding: 9px 0 27px 0;
                background: rgb(255, 255, 255);
                margin-left: 26%;
                cursor: pointer;
            }
            .instance-hibernating-page {
                max-width: 600px;
                margin: auto;
                padding: 10px;
            }
            .resting-image {
                height: fit-content;
                position: relative;
            }
            .information {
                margin: 30px 0 0 -80px;
                color: rgb(255, 255, 255);
                font-family: Gilroy-Regular;
                font-size: 21px;
                font-weight: normal;
                height: 64px;
                letter-spacing: 0;
                line-height: 32px;
                text-align: center;
                width: 665px;
            }
            .external-link {
                text-decoration: underline;
            }
            .button-text {
                color: rgb(71, 77, 82);
                font-family: Gilroy-Medium;
                font-size: 15px;
                height: 17px;
                letter-spacing: 0;
                width: 172px;
            }
            .button-arrow {
                padding-left: 2px;
            }
            .redirection-text {
                margin: 64px 0 0 8%;
                color: rgb(255, 255, 255);
                font-family: SourceSansPro-Regular;
                font-size: 13px;
                font-weight: normal;
                height: 20px;
                letter-spacing: 0;
                line-height: 20px;
                width: 410px;
            }
            .texture-image {
                margin: 0 60px 0 1133px;
                position: absolute;
                width: 240px;
                top: 0;
                right: 0;
            }
        </style>
    </head>
    <body>
        <div class="instance-hibernating-page">
            <h1>Your instance is hibernating</h1>
            <img class="resting-image" src="https://sndevstore.blob.core.windows.net/images/Hibernating-page_Resting-Image-Asset.svg" alt="texture_image" width="500" height="300">
            <p class="information">Sign in to the site to wake your instance</p>
            <button onclick="location.href='https://developer.servicenow.com/dev.do#!/home?wu=true';" class ="button-text">Sign in
                <span class="button-arrow">
                    <svg xmlns="http://www.w3.org/2000/svg" aria-hidden="true" viewBox="0 0 12 12" style="width: 0.75rem; height: 0.75rem;">
                        <g stroke="none" fill="none"><path fill="currentColor" d="M9.11 6L5.815 2.704l.707-.708L11 6.475l-4.479 4.479-.707-.708L9.061 7H1.003V6z"></path></g>
                    </svg>
                </span>
            </button>
            <p class="information">
                Want to find out why instances hibernate? Read more about instances in the
                <a href="https://developer.servicenow.com/dev.do#!/guides/latest/developer-program/pdi-guide/personal-developer-instance-guide-introduction" target="_blank">
                    <span class="external-link">
                        Personal Developer Instance Guide
                    </span>
                    <svg xmlns="http://www.w3.org/2000/svg" aria-hidden="true" viewBox="0 0 16 16" style="width: 1rem; height: 1rem;">
                        <g stroke="none" fill="none">
                            <path fill="currentColor" d="M5 3v1h6.293l-8.651 8.648.707.707L12 4.707v6.294h1V3z">
                            </path>
                        </g>
                    </svg>
                </a>
            </p>
            <p class="redirection-text">You'll be automatically redirected to the ServiceNow Developer Site shortly</p>
            <img class="texture-image" src="https://sndevstore.blob.core.windows.net/images/Hibernating-page_Texture-image-asset.png" alt="circles">
        </div>
    </body>
</html>


Response body doesn't match expectation.
Expected: a string containing "sys_id"
  Actual: <html>
    <head>
        <meta HTTP-EQUIV="refresh" content="5;https://developer.servicenow.com/dev.do#!/home?wu=true">
        <title>
            Instance Hibernating page
        </title>
        <style>
            @font-face {
                font-family: "Gilroy-Bold";
                font-style: normal;
                 font-weight: normal;
                src: url("gilroy-bold-webfont.woff2") format("woff2"),
                     url("gilroy-bold-webfont.woff") format("woff");
            }
            @font-face {
                font-family: "Gilroy-Regular";
                font-style: normal;
                font-weight: normal;
                src: url("gilroy-regular-webfont.woff2") format("woff2"),
                     url("gilroy-regular-webfont.woff") format("woff");
            }
            @font-face {
                font-family: 'Gilroy-Medium';
                font-style: normal;
                font-weight: normal;
                src: url('gilroy-medium-webfont.woff2') format('woff2'),
                     url('gilroy-medium-webfont.woff') format('woff');
            }
            @font-face {
                font-family: 'SourceSansPro-Regular';
                src: url("source-sans-pro-v11-latin-regular.woff2") format("woff2"),
                     url("source-sans-pro-v11-latin-regular.woff") format("woff");
            }
            body {
                background-color: #293D40;
            }
            h1 {
                margin: 150px 0 90px 0;
                color: rgb(255, 255, 255);
                font-family: Gilroy-Bold;
                font-size: 38px;
                font-weight: bold;
                height: 42px;
                letter-spacing: 0;
                line-height: 42px;
                width: 520px;
            }
            a {
                color: rgb(255, 255, 255);
                text-decoration: none;
            }
            button {
                padding: 9px 0 27px 0;
                background: rgb(255, 255, 255);
                margin-left: 26%;
                cursor: pointer;
            }
            .instance-hibernating-page {
                max-width: 600px;
                margin: auto;
                padding: 10px;
            }
            .resting-image {
                height: fit-content;
                position: relative;
            }
            .information {
                margin: 30px 0 0 -80px;
                color: rgb(255, 255, 255);
                font-family: Gilroy-Regular;
                font-size: 21px;
                font-weight: normal;
                height: 64px;
                letter-spacing: 0;
                line-height: 32px;
                text-align: center;
                width: 665px;
            }
            .external-link {
                text-decoration: underline;
            }
            .button-text {
                color: rgb(71, 77, 82);
                font-family: Gilroy-Medium;
                font-size: 15px;
                height: 17px;
                letter-spacing: 0;
                width: 172px;
            }
            .button-arrow {
                padding-left: 2px;
            }
            .redirection-text {
                margin: 64px 0 0 8%;
                color: rgb(255, 255, 255);
                font-family: SourceSansPro-Regular;
                font-size: 13px;
                font-weight: normal;
                height: 20px;
                letter-spacing: 0;
                line-height: 20px;
                width: 410px;
            }
            .texture-image {
                margin: 0 60px 0 1133px;
                position: absolute;
                width: 240px;
                top: 0;
                right: 0;
            }
        </style>
    </head>
    <body>
        <div class="instance-hibernating-page">
            <h1>Your instance is hibernating</h1>
            <img class="resting-image" src="https://sndevstore.blob.core.windows.net/images/Hibernating-page_Resting-Image-Asset.svg" alt="texture_image" width="500" height="300">
            <p class="information">Sign in to the site to wake your instance</p>
            <button onclick="location.href='https://developer.servicenow.com/dev.do#!/home?wu=true';" class ="button-text">Sign in
                <span class="button-arrow">
                    <svg xmlns="http://www.w3.org/2000/svg" aria-hidden="true" viewBox="0 0 12 12" style="width: 0.75rem; height: 0.75rem;">
                        <g stroke="none" fill="none"><path fill="currentColor" d="M9.11 6L5.815 2.704l.707-.708L11 6.475l-4.479 4.479-.707-.708L9.061 7H1.003V6z"></path></g>
                    </svg>
                </span>
            </button>
            <p class="information">
                Want to find out why instances hibernate? Read more about instances in the
                <a href="https://developer.servicenow.com/dev.do#!/guides/latest/developer-program/pdi-guide/personal-developer-instance-guide-introduction" target="_blank">
                    <span class="external-link">
                        Personal Developer Instance Guide
                    </span>
                    <svg xmlns="http://www.w3.org/2000/svg" aria-hidden="true" viewBox="0 0 16 16" style="width: 1rem; height: 1rem;">
                        <g stroke="none" fill="none">
                            <path fill="currentColor" d="M5 3v1h6.293l-8.651 8.648.707.707L12 4.707v6.294h1V3z">
                            </path>
                        </g>
                    </svg>
                </a>
            </p>
            <p class="redirection-text">You'll be automatically redirected to the ServiceNow Developer Site shortly</p>
            <img class="texture-image" src="https://sndevstore.blob.core.windows.net/images/Hibernating-page_Texture-image-asset.png" alt="circles">
        </div>
    </body>
</html>


at org.codehaus.groovy.runtime.callsite.ConstructorSite$ConstructorSiteNoUnwrapNoCoerce.callConstructor(ConstructorSite.java:108)
at org.codehaus.groovy.runtime.callsite.AbstractCallSite.callConstructor(AbstractCallSite.java:277)
at io.restassured.internal.ResponseSpecificationImpl$HamcrestAssertionClosure.validate(ResponseSpecificationImpl.groovy:512)
at io.restassured.internal.ResponseSpecificationImpl$HamcrestAssertionClosure$validate$1.call(Unknown Source)
at io.restassured.internal.ResponseSpecificationImpl.validateResponseIfRequired(ResponseSpecificationImpl.groovy:696)
at io.restassured.internal.ResponseSpecificationImpl.this$2$validateResponseIfRequired(ResponseSpecificationImpl.groovy)
at org.codehaus.groovy.runtime.callsite.PlainObjectMetaMethodSite.doInvoke(PlainObjectMetaMethodSite.java:43)
at org.codehaus.groovy.runtime.callsite.PogoMetaMethodSite$PogoCachedMethodSiteNoUnwrapNoCoerce.invoke(PogoMetaMethodSite.java:198)
at org.codehaus.groovy.runtime.callsite.PogoMetaMethodSite.callCurrent(PogoMetaMethodSite.java:62)
at org.codehaus.groovy.runtime.callsite.CallSiteArray.defaultCallCurrent(CallSiteArray.java:49)
at org.codehaus.groovy.runtime.callsite.AbstractCallSite.callCurrent(AbstractCallSite.java:171)
at org.codehaus.groovy.runtime.callsite.AbstractCallSite.callCurrent(AbstractCallSite.java:185)
at io.restassured.internal.ResponseSpecificationImpl.body(ResponseSpecificationImpl.groovy:107)
at io.restassured.internal.ValidatableResponseOptionsImpl.body(ValidatableResponseOptionsImpl.java:238)
at services.IncidentTests.getIncidents1(IncidentTests.java:21)
at java.base/java.util.ArrayList.forEach(ArrayList.java:1511)
... Removed 31 stack frames]]>
    </failure>
  </testcase> <!-- getIncidents1 -->
  <testcase classname="services.AnotherIncidentTests" name="CreateIncidents" time="0.298">
    <failure type="java.lang.AssertionError" message="1 expectation failed.
Expected status code &amp;lt;201&amp;gt; but was &amp;lt;200&amp;gt;.
">
      <![CDATA[java.lang.AssertionError: 1 expectation failed.
Expected status code <201> but was <200>.

at org.codehaus.groovy.runtime.callsite.ConstructorSite$ConstructorSiteNoUnwrapNoCoerce.callConstructor(ConstructorSite.java:108)
at org.codehaus.groovy.runtime.callsite.AbstractCallSite.callConstructor(AbstractCallSite.java:277)
at io.restassured.internal.ResponseSpecificationImpl$HamcrestAssertionClosure.validate(ResponseSpecificationImpl.groovy:512)
at io.restassured.internal.ResponseSpecificationImpl$HamcrestAssertionClosure$validate$1.call(Unknown Source)
at io.restassured.internal.ResponseSpecificationImpl.validateResponseIfRequired(ResponseSpecificationImpl.groovy:696)
at io.restassured.internal.ResponseSpecificationImpl.this$2$validateResponseIfRequired(ResponseSpecificationImpl.groovy)
at org.codehaus.groovy.runtime.callsite.PlainObjectMetaMethodSite.doInvoke(PlainObjectMetaMethodSite.java:43)
at org.codehaus.groovy.runtime.callsite.PogoMetaMethodSite$PogoCachedMethodSiteNoUnwrapNoCoerce.invoke(PogoMetaMethodSite.java:198)
at org.codehaus.groovy.runtime.callsite.PogoMetaMethodSite.callCurrent(PogoMetaMethodSite.java:62)
at org.codehaus.groovy.runtime.callsite.AbstractCallSite.callCurrent(AbstractCallSite.java:185)
at io.restassured.internal.ResponseSpecificationImpl.statusCode(ResponseSpecificationImpl.groovy:135)
at io.restassured.specification.ResponseSpecification$statusCode$0.callCurrent(Unknown Source)
at io.restassured.internal.ResponseSpecificationImpl.statusCode(ResponseSpecificationImpl.groovy:143)
at io.restassured.internal.ValidatableResponseOptionsImpl.statusCode(ValidatableResponseOptionsImpl.java:89)
at services.AnotherIncidentTests.CreateIncidents(AnotherIncidentTests.java:31)
at java.base/java.util.ArrayList.forEach(ArrayList.java:1511)
... Removed 31 stack frames]]>
    </failure>
  </testcase> <!-- CreateIncidents -->
  <testcase classname="services.AnotherIncidentTests" name="getIncidents1" time="0.305">
    <failure type="java.lang.AssertionError" message="2 expectations failed.
Response body doesn&amp;apos;t match expectation.
Expected: a string containing &amp;quot;number&amp;quot;
  Actual: &amp;lt;html&amp;gt;
    &amp;lt;head&amp;gt;
        &amp;lt;meta HTTP-EQUIV=&amp;quot;refresh&amp;quot; content=&amp;quot;5;https://developer.servicenow.com/dev.do#!/home?wu=true&amp;quot;&amp;gt;
        &amp;lt;title&amp;gt;
            Instance Hibernating page
        &amp;lt;/title&amp;gt;
        &amp;lt;style&amp;gt;
            @font-face {
                font-family: &amp;quot;Gilroy-Bold&amp;quot;;
                font-style: normal;
                 font-weight: normal;
                src: url(&amp;quot;gilroy-bold-webfont.woff2&amp;quot;) format(&amp;quot;woff2&amp;quot;),
                     url(&amp;quot;gilroy-bold-webfont.woff&amp;quot;) format(&amp;quot;woff&amp;quot;);
            }
            @font-face {
                font-family: &amp;quot;Gilroy-Regular&amp;quot;;
                font-style: normal;
                font-weight: normal;
                src: url(&amp;quot;gilroy-regular-webfont.woff2&amp;quot;) format(&amp;quot;woff2&amp;quot;),
                     url(&amp;quot;gilroy-regular-webfont.woff&amp;quot;) format(&amp;quot;woff&amp;quot;);
            }
            @font-face {
                font-family: &amp;apos;Gilroy-Medium&amp;apos;;
                font-style: normal;
                font-weight: normal;
                src: url(&amp;apos;gilroy-medium-webfont.woff2&amp;apos;) format(&amp;apos;woff2&amp;apos;),
                     url(&amp;apos;gilroy-medium-webfont.woff&amp;apos;) format(&amp;apos;woff&amp;apos;);
            }
            @font-face {
                font-family: &amp;apos;SourceSansPro-Regular&amp;apos;;
                src: url(&amp;quot;source-sans-pro-v11-latin-regular.woff2&amp;quot;) format(&amp;quot;woff2&amp;quot;),
                     url(&amp;quot;source-sans-pro-v11-latin-regular.woff&amp;quot;) format(&amp;quot;woff&amp;quot;);
            }
            body {
                background-color: #293D40;
            }
            h1 {
                margin: 150px 0 90px 0;
                color: rgb(255, 255, 255);
                font-family: Gilroy-Bold;
                font-size: 38px;
                font-weight: bold;
                height: 42px;
                letter-spacing: 0;
                line-height: 42px;
                width: 520px;
            }
            a {
                color: rgb(255, 255, 255);
                text-decoration: none;
            }
            button {
                padding: 9px 0 27px 0;
                background: rgb(255, 255, 255);
                margin-left: 26%;
                cursor: pointer;
            }
            .instance-hibernating-page {
                max-width: 600px;
                margin: auto;
                padding: 10px;
            }
            .resting-image {
                height: fit-content;
                position: relative;
            }
            .information {
                margin: 30px 0 0 -80px;
                color: rgb(255, 255, 255);
                font-family: Gilroy-Regular;
                font-size: 21px;
                font-weight: normal;
                height: 64px;
                letter-spacing: 0;
                line-height: 32px;
                text-align: center;
                width: 665px;
            }
            .external-link {
                text-decoration: underline;
            }
            .button-text {
                color: rgb(71, 77, 82);
                font-family: Gilroy-Medium;
                font-size: 15px;
                height: 17px;
                letter-spacing: 0;
                width: 172px;
            }
            .button-arrow {
                padding-left: 2px;
            }
            .redirection-text {
                margin: 64px 0 0 8%;
                color: rgb(255, 255, 255);
                font-family: SourceSansPro-Regular;
                font-size: 13px;
                font-weight: normal;
                height: 20px;
                letter-spacing: 0;
                line-height: 20px;
                width: 410px;
            }
            .texture-image {
                margin: 0 60px 0 1133px;
                position: absolute;
                width: 240px;
                top: 0;
                right: 0;
            }
        &amp;lt;/style&amp;gt;
    &amp;lt;/head&amp;gt;
    &amp;lt;body&amp;gt;
        &amp;lt;div class=&amp;quot;instance-hibernating-page&amp;quot;&amp;gt;
            &amp;lt;h1&amp;gt;Your instance is hibernating&amp;lt;/h1&amp;gt;
            &amp;lt;img class=&amp;quot;resting-image&amp;quot; src=&amp;quot;https://sndevstore.blob.core.windows.net/images/Hibernating-page_Resting-Image-Asset.svg&amp;quot; alt=&amp;quot;texture_image&amp;quot; width=&amp;quot;500&amp;quot; height=&amp;quot;300&amp;quot;&amp;gt;
            &amp;lt;p class=&amp;quot;information&amp;quot;&amp;gt;Sign in to the site to wake your instance&amp;lt;/p&amp;gt;
            &amp;lt;button onclick=&amp;quot;location.href=&amp;apos;https://developer.servicenow.com/dev.do#!/home?wu=true&amp;apos;;&amp;quot; class =&amp;quot;button-text&amp;quot;&amp;gt;Sign in
                &amp;lt;span class=&amp;quot;button-arrow&amp;quot;&amp;gt;
                    &amp;lt;svg xmlns=&amp;quot;http://www.w3.org/2000/svg&amp;quot; aria-hidden=&amp;quot;true&amp;quot; viewBox=&amp;quot;0 0 12 12&amp;quot; style=&amp;quot;width: 0.75rem; height: 0.75rem;&amp;quot;&amp;gt;
                        &amp;lt;g stroke=&amp;quot;none&amp;quot; fill=&amp;quot;none&amp;quot;&amp;gt;&amp;lt;path fill=&amp;quot;currentColor&amp;quot; d=&amp;quot;M9.11 6L5.815 2.704l.707-.708L11 6.475l-4.479 4.479-.707-.708L9.061 7H1.003V6z&amp;quot;&amp;gt;&amp;lt;/path&amp;gt;&amp;lt;/g&amp;gt;
                    &amp;lt;/svg&amp;gt;
                &amp;lt;/span&amp;gt;
            &amp;lt;/button&amp;gt;
            &amp;lt;p class=&amp;quot;information&amp;quot;&amp;gt;
                Want to find out why instances hibernate? Read more about instances in the
                &amp;lt;a href=&amp;quot;https://developer.servicenow.com/dev.do#!/guides/latest/developer-program/pdi-guide/personal-developer-instance-guide-introduction&amp;quot; target=&amp;quot;_blank&amp;quot;&amp;gt;
                    &amp;lt;span class=&amp;quot;external-link&amp;quot;&amp;gt;
                        Personal Developer Instance Guide
                    &amp;lt;/span&amp;gt;
                    &amp;lt;svg xmlns=&amp;quot;http://www.w3.org/2000/svg&amp;quot; aria-hidden=&amp;quot;true&amp;quot; viewBox=&amp;quot;0 0 16 16&amp;quot; style=&amp;quot;width: 1rem; height: 1rem;&amp;quot;&amp;gt;
                        &amp;lt;g stroke=&amp;quot;none&amp;quot; fill=&amp;quot;none&amp;quot;&amp;gt;
                            &amp;lt;path fill=&amp;quot;currentColor&amp;quot; d=&amp;quot;M5 3v1h6.293l-8.651 8.648.707.707L12 4.707v6.294h1V3z&amp;quot;&amp;gt;
                            &amp;lt;/path&amp;gt;
                        &amp;lt;/g&amp;gt;
                    &amp;lt;/svg&amp;gt;
                &amp;lt;/a&amp;gt;
            &amp;lt;/p&amp;gt;
            &amp;lt;p class=&amp;quot;redirection-text&amp;quot;&amp;gt;You&amp;apos;ll be automatically redirected to the ServiceNow Developer Site shortly&amp;lt;/p&amp;gt;
            &amp;lt;img class=&amp;quot;texture-image&amp;quot; src=&amp;quot;https://sndevstore.blob.core.windows.net/images/Hibernating-page_Texture-image-asset.png&amp;quot; alt=&amp;quot;circles&amp;quot;&amp;gt;
        &amp;lt;/div&amp;gt;
    &amp;lt;/body&amp;gt;
&amp;lt;/html&amp;gt;


Response body doesn&amp;apos;t match expectation.
Expected: a string containing &amp;quot;sys_id&amp;quot;
  Actual: &amp;lt;html&amp;gt;
    &amp;lt;head&amp;gt;
        &amp;lt;meta HTTP-EQUIV=&amp;quot;refresh&amp;quot; content=&amp;quot;5;https://developer.servicenow.com/dev.do#!/home?wu=true&amp;quot;&amp;gt;
        &amp;lt;title&amp;gt;
            Instance Hibernating page
        &amp;lt;/title&amp;gt;
        &amp;lt;style&amp;gt;
            @font-face {
                font-family: &amp;quot;Gilroy-Bold&amp;quot;;
                font-style: normal;
                 font-weight: normal;
                src: url(&amp;quot;gilroy-bold-webfont.woff2&amp;quot;) format(&amp;quot;woff2&amp;quot;),
                     url(&amp;quot;gilroy-bold-webfont.woff&amp;quot;) format(&amp;quot;woff&amp;quot;);
            }
            @font-face {
                font-family: &amp;quot;Gilroy-Regular&amp;quot;;
                font-style: normal;
                font-weight: normal;
                src: url(&amp;quot;gilroy-regular-webfont.woff2&amp;quot;) format(&amp;quot;woff2&amp;quot;),
                     url(&amp;quot;gilroy-regular-webfont.woff&amp;quot;) format(&amp;quot;woff&amp;quot;);
            }
            @font-face {
                font-family: &amp;apos;Gilroy-Medium&amp;apos;;
                font-style: normal;
                font-weight: normal;
                src: url(&amp;apos;gilroy-medium-webfont.woff2&amp;apos;) format(&amp;apos;woff2&amp;apos;),
                     url(&amp;apos;gilroy-medium-webfont.woff&amp;apos;) format(&amp;apos;woff&amp;apos;);
            }
            @font-face {
                font-family: &amp;apos;SourceSansPro-Regular&amp;apos;;
                src: url(&amp;quot;source-sans-pro-v11-latin-regular.woff2&amp;quot;) format(&amp;quot;woff2&amp;quot;),
                     url(&amp;quot;source-sans-pro-v11-latin-regular.woff&amp;quot;) format(&amp;quot;woff&amp;quot;);
            }
            body {
                background-color: #293D40;
            }
            h1 {
                margin: 150px 0 90px 0;
                color: rgb(255, 255, 255);
                font-family: Gilroy-Bold;
                font-size: 38px;
                font-weight: bold;
                height: 42px;
                letter-spacing: 0;
                line-height: 42px;
                width: 520px;
            }
            a {
                color: rgb(255, 255, 255);
                text-decoration: none;
            }
            button {
                padding: 9px 0 27px 0;
                background: rgb(255, 255, 255);
                margin-left: 26%;
                cursor: pointer;
            }
            .instance-hibernating-page {
                max-width: 600px;
                margin: auto;
                padding: 10px;
            }
            .resting-image {
                height: fit-content;
                position: relative;
            }
            .information {
                margin: 30px 0 0 -80px;
                color: rgb(255, 255, 255);
                font-family: Gilroy-Regular;
                font-size: 21px;
                font-weight: normal;
                height: 64px;
                letter-spacing: 0;
                line-height: 32px;
                text-align: center;
                width: 665px;
            }
            .external-link {
                text-decoration: underline;
            }
            .button-text {
                color: rgb(71, 77, 82);
                font-family: Gilroy-Medium;
                font-size: 15px;
                height: 17px;
                letter-spacing: 0;
                width: 172px;
            }
            .button-arrow {
                padding-left: 2px;
            }
            .redirection-text {
                margin: 64px 0 0 8%;
                color: rgb(255, 255, 255);
                font-family: SourceSansPro-Regular;
                font-size: 13px;
                font-weight: normal;
                height: 20px;
                letter-spacing: 0;
                line-height: 20px;
                width: 410px;
            }
            .texture-image {
                margin: 0 60px 0 1133px;
                position: absolute;
                width: 240px;
                top: 0;
                right: 0;
            }
        &amp;lt;/style&amp;gt;
    &amp;lt;/head&amp;gt;
    &amp;lt;body&amp;gt;
        &amp;lt;div class=&amp;quot;instance-hibernating-page&amp;quot;&amp;gt;
            &amp;lt;h1&amp;gt;Your instance is hibernating&amp;lt;/h1&amp;gt;
            &amp;lt;img class=&amp;quot;resting-image&amp;quot; src=&amp;quot;https://sndevstore.blob.core.windows.net/images/Hibernating-page_Resting-Image-Asset.svg&amp;quot; alt=&amp;quot;texture_image&amp;quot; width=&amp;quot;500&amp;quot; height=&amp;quot;300&amp;quot;&amp;gt;
            &amp;lt;p class=&amp;quot;information&amp;quot;&amp;gt;Sign in to the site to wake your instance&amp;lt;/p&amp;gt;
            &amp;lt;button onclick=&amp;quot;location.href=&amp;apos;https://developer.servicenow.com/dev.do#!/home?wu=true&amp;apos;;&amp;quot; class =&amp;quot;button-text&amp;quot;&amp;gt;Sign in
                &amp;lt;span class=&amp;quot;button-arrow&amp;quot;&amp;gt;
                    &amp;lt;svg xmlns=&amp;quot;http://www.w3.org/2000/svg&amp;quot; aria-hidden=&amp;quot;true&amp;quot; viewBox=&amp;quot;0 0 12 12&amp;quot; style=&amp;quot;width: 0.75rem; height: 0.75rem;&amp;quot;&amp;gt;
                        &amp;lt;g stroke=&amp;quot;none&amp;quot; fill=&amp;quot;none&amp;quot;&amp;gt;&amp;lt;path fill=&amp;quot;currentColor&amp;quot; d=&amp;quot;M9.11 6L5.815 2.704l.707-.708L11 6.475l-4.479 4.479-.707-.708L9.061 7H1.003V6z&amp;quot;&amp;gt;&amp;lt;/path&amp;gt;&amp;lt;/g&amp;gt;
                    &amp;lt;/svg&amp;gt;
                &amp;lt;/span&amp;gt;
            &amp;lt;/button&amp;gt;
            &amp;lt;p class=&amp;quot;information&amp;quot;&amp;gt;
                Want to find out why instances hibernate? Read more about instances in the
                &amp;lt;a href=&amp;quot;https://developer.servicenow.com/dev.do#!/guides/latest/developer-program/pdi-guide/personal-developer-instance-guide-introduction&amp;quot; target=&amp;quot;_blank&amp;quot;&amp;gt;
                    &amp;lt;span class=&amp;quot;external-link&amp;quot;&amp;gt;
                        Personal Developer Instance Guide
                    &amp;lt;/span&amp;gt;
                    &amp;lt;svg xmlns=&amp;quot;http://www.w3.org/2000/svg&amp;quot; aria-hidden=&amp;quot;true&amp;quot; viewBox=&amp;quot;0 0 16 16&amp;quot; style=&amp;quot;width: 1rem; height: 1rem;&amp;quot;&amp;gt;
                        &amp;lt;g stroke=&amp;quot;none&amp;quot; fill=&amp;quot;none&amp;quot;&amp;gt;
                            &amp;lt;path fill=&amp;quot;currentColor&amp;quot; d=&amp;quot;M5 3v1h6.293l-8.651 8.648.707.707L12 4.707v6.294h1V3z&amp;quot;&amp;gt;
                            &amp;lt;/path&amp;gt;
                        &amp;lt;/g&amp;gt;
                    &amp;lt;/svg&amp;gt;
                &amp;lt;/a&amp;gt;
            &amp;lt;/p&amp;gt;
            &amp;lt;p class=&amp;quot;redirection-text&amp;quot;&amp;gt;You&amp;apos;ll be automatically redirected to the ServiceNow Developer Site shortly&amp;lt;/p&amp;gt;
            &amp;lt;img class=&amp;quot;texture-image&amp;quot; src=&amp;quot;https://sndevstore.blob.core.windows.net/images/Hibernating-page_Texture-image-asset.png&amp;quot; alt=&amp;quot;circles&amp;quot;&amp;gt;
        &amp;lt;/div&amp;gt;
    &amp;lt;/body&amp;gt;
&amp;lt;/html&amp;gt;

">
      <![CDATA[java.lang.AssertionError: 2 expectations failed.
Response body doesn't match expectation.
Expected: a string containing "number"
  Actual: <html>
    <head>
        <meta HTTP-EQUIV="refresh" content="5;https://developer.servicenow.com/dev.do#!/home?wu=true">
        <title>
            Instance Hibernating page
        </title>
        <style>
            @font-face {
                font-family: "Gilroy-Bold";
                font-style: normal;
                 font-weight: normal;
                src: url("gilroy-bold-webfont.woff2") format("woff2"),
                     url("gilroy-bold-webfont.woff") format("woff");
            }
            @font-face {
                font-family: "Gilroy-Regular";
                font-style: normal;
                font-weight: normal;
                src: url("gilroy-regular-webfont.woff2") format("woff2"),
                     url("gilroy-regular-webfont.woff") format("woff");
            }
            @font-face {
                font-family: 'Gilroy-Medium';
                font-style: normal;
                font-weight: normal;
                src: url('gilroy-medium-webfont.woff2') format('woff2'),
                     url('gilroy-medium-webfont.woff') format('woff');
            }
            @font-face {
                font-family: 'SourceSansPro-Regular';
                src: url("source-sans-pro-v11-latin-regular.woff2") format("woff2"),
                     url("source-sans-pro-v11-latin-regular.woff") format("woff");
            }
            body {
                background-color: #293D40;
            }
            h1 {
                margin: 150px 0 90px 0;
                color: rgb(255, 255, 255);
                font-family: Gilroy-Bold;
                font-size: 38px;
                font-weight: bold;
                height: 42px;
                letter-spacing: 0;
                line-height: 42px;
                width: 520px;
            }
            a {
                color: rgb(255, 255, 255);
                text-decoration: none;
            }
            button {
                padding: 9px 0 27px 0;
                background: rgb(255, 255, 255);
                margin-left: 26%;
                cursor: pointer;
            }
            .instance-hibernating-page {
                max-width: 600px;
                margin: auto;
                padding: 10px;
            }
            .resting-image {
                height: fit-content;
                position: relative;
            }
            .information {
                margin: 30px 0 0 -80px;
                color: rgb(255, 255, 255);
                font-family: Gilroy-Regular;
                font-size: 21px;
                font-weight: normal;
                height: 64px;
                letter-spacing: 0;
                line-height: 32px;
                text-align: center;
                width: 665px;
            }
            .external-link {
                text-decoration: underline;
            }
            .button-text {
                color: rgb(71, 77, 82);
                font-family: Gilroy-Medium;
                font-size: 15px;
                height: 17px;
                letter-spacing: 0;
                width: 172px;
            }
            .button-arrow {
                padding-left: 2px;
            }
            .redirection-text {
                margin: 64px 0 0 8%;
                color: rgb(255, 255, 255);
                font-family: SourceSansPro-Regular;
                font-size: 13px;
                font-weight: normal;
                height: 20px;
                letter-spacing: 0;
                line-height: 20px;
                width: 410px;
            }
            .texture-image {
                margin: 0 60px 0 1133px;
                position: absolute;
                width: 240px;
                top: 0;
                right: 0;
            }
        </style>
    </head>
    <body>
        <div class="instance-hibernating-page">
            <h1>Your instance is hibernating</h1>
            <img class="resting-image" src="https://sndevstore.blob.core.windows.net/images/Hibernating-page_Resting-Image-Asset.svg" alt="texture_image" width="500" height="300">
            <p class="information">Sign in to the site to wake your instance</p>
            <button onclick="location.href='https://developer.servicenow.com/dev.do#!/home?wu=true';" class ="button-text">Sign in
                <span class="button-arrow">
                    <svg xmlns="http://www.w3.org/2000/svg" aria-hidden="true" viewBox="0 0 12 12" style="width: 0.75rem; height: 0.75rem;">
                        <g stroke="none" fill="none"><path fill="currentColor" d="M9.11 6L5.815 2.704l.707-.708L11 6.475l-4.479 4.479-.707-.708L9.061 7H1.003V6z"></path></g>
                    </svg>
                </span>
            </button>
            <p class="information">
                Want to find out why instances hibernate? Read more about instances in the
                <a href="https://developer.servicenow.com/dev.do#!/guides/latest/developer-program/pdi-guide/personal-developer-instance-guide-introduction" target="_blank">
                    <span class="external-link">
                        Personal Developer Instance Guide
                    </span>
                    <svg xmlns="http://www.w3.org/2000/svg" aria-hidden="true" viewBox="0 0 16 16" style="width: 1rem; height: 1rem;">
                        <g stroke="none" fill="none">
                            <path fill="currentColor" d="M5 3v1h6.293l-8.651 8.648.707.707L12 4.707v6.294h1V3z">
                            </path>
                        </g>
                    </svg>
                </a>
            </p>
            <p class="redirection-text">You'll be automatically redirected to the ServiceNow Developer Site shortly</p>
            <img class="texture-image" src="https://sndevstore.blob.core.windows.net/images/Hibernating-page_Texture-image-asset.png" alt="circles">
        </div>
    </body>
</html>


Response body doesn't match expectation.
Expected: a string containing "sys_id"
  Actual: <html>
    <head>
        <meta HTTP-EQUIV="refresh" content="5;https://developer.servicenow.com/dev.do#!/home?wu=true">
        <title>
            Instance Hibernating page
        </title>
        <style>
            @font-face {
                font-family: "Gilroy-Bold";
                font-style: normal;
                 font-weight: normal;
                src: url("gilroy-bold-webfont.woff2") format("woff2"),
                     url("gilroy-bold-webfont.woff") format("woff");
            }
            @font-face {
                font-family: "Gilroy-Regular";
                font-style: normal;
                font-weight: normal;
                src: url("gilroy-regular-webfont.woff2") format("woff2"),
                     url("gilroy-regular-webfont.woff") format("woff");
            }
            @font-face {
                font-family: 'Gilroy-Medium';
                font-style: normal;
                font-weight: normal;
                src: url('gilroy-medium-webfont.woff2') format('woff2'),
                     url('gilroy-medium-webfont.woff') format('woff');
            }
            @font-face {
                font-family: 'SourceSansPro-Regular';
                src: url("source-sans-pro-v11-latin-regular.woff2") format("woff2"),
                     url("source-sans-pro-v11-latin-regular.woff") format("woff");
            }
            body {
                background-color: #293D40;
            }
            h1 {
                margin: 150px 0 90px 0;
                color: rgb(255, 255, 255);
                font-family: Gilroy-Bold;
                font-size: 38px;
                font-weight: bold;
                height: 42px;
                letter-spacing: 0;
                line-height: 42px;
                width: 520px;
            }
            a {
                color: rgb(255, 255, 255);
                text-decoration: none;
            }
            button {
                padding: 9px 0 27px 0;
                background: rgb(255, 255, 255);
                margin-left: 26%;
                cursor: pointer;
            }
            .instance-hibernating-page {
                max-width: 600px;
                margin: auto;
                padding: 10px;
            }
            .resting-image {
                height: fit-content;
                position: relative;
            }
            .information {
                margin: 30px 0 0 -80px;
                color: rgb(255, 255, 255);
                font-family: Gilroy-Regular;
                font-size: 21px;
                font-weight: normal;
                height: 64px;
                letter-spacing: 0;
                line-height: 32px;
                text-align: center;
                width: 665px;
            }
            .external-link {
                text-decoration: underline;
            }
            .button-text {
                color: rgb(71, 77, 82);
                font-family: Gilroy-Medium;
                font-size: 15px;
                height: 17px;
                letter-spacing: 0;
                width: 172px;
            }
            .button-arrow {
                padding-left: 2px;
            }
            .redirection-text {
                margin: 64px 0 0 8%;
                color: rgb(255, 255, 255);
                font-family: SourceSansPro-Regular;
                font-size: 13px;
                font-weight: normal;
                height: 20px;
                letter-spacing: 0;
                line-height: 20px;
                width: 410px;
            }
            .texture-image {
                margin: 0 60px 0 1133px;
                position: absolute;
                width: 240px;
                top: 0;
                right: 0;
            }
        </style>
    </head>
    <body>
        <div class="instance-hibernating-page">
            <h1>Your instance is hibernating</h1>
            <img class="resting-image" src="https://sndevstore.blob.core.windows.net/images/Hibernating-page_Resting-Image-Asset.svg" alt="texture_image" width="500" height="300">
            <p class="information">Sign in to the site to wake your instance</p>
            <button onclick="location.href='https://developer.servicenow.com/dev.do#!/home?wu=true';" class ="button-text">Sign in
                <span class="button-arrow">
                    <svg xmlns="http://www.w3.org/2000/svg" aria-hidden="true" viewBox="0 0 12 12" style="width: 0.75rem; height: 0.75rem;">
                        <g stroke="none" fill="none"><path fill="currentColor" d="M9.11 6L5.815 2.704l.707-.708L11 6.475l-4.479 4.479-.707-.708L9.061 7H1.003V6z"></path></g>
                    </svg>
                </span>
            </button>
            <p class="information">
                Want to find out why instances hibernate? Read more about instances in the
                <a href="https://developer.servicenow.com/dev.do#!/guides/latest/developer-program/pdi-guide/personal-developer-instance-guide-introduction" target="_blank">
                    <span class="external-link">
                        Personal Developer Instance Guide
                    </span>
                    <svg xmlns="http://www.w3.org/2000/svg" aria-hidden="true" viewBox="0 0 16 16" style="width: 1rem; height: 1rem;">
                        <g stroke="none" fill="none">
                            <path fill="currentColor" d="M5 3v1h6.293l-8.651 8.648.707.707L12 4.707v6.294h1V3z">
                            </path>
                        </g>
                    </svg>
                </a>
            </p>
            <p class="redirection-text">You'll be automatically redirected to the ServiceNow Developer Site shortly</p>
            <img class="texture-image" src="https://sndevstore.blob.core.windows.net/images/Hibernating-page_Texture-image-asset.png" alt="circles">
        </div>
    </body>
</html>


at org.codehaus.groovy.runtime.callsite.ConstructorSite$ConstructorSiteNoUnwrapNoCoerce.callConstructor(ConstructorSite.java:108)
at org.codehaus.groovy.runtime.callsite.AbstractCallSite.callConstructor(AbstractCallSite.java:277)
at io.restassured.internal.ResponseSpecificationImpl$HamcrestAssertionClosure.validate(ResponseSpecificationImpl.groovy:512)
at io.restassured.internal.ResponseSpecificationImpl$HamcrestAssertionClosure$validate$1.call(Unknown Source)
at io.restassured.internal.ResponseSpecificationImpl.validateResponseIfRequired(ResponseSpecificationImpl.groovy:696)
at io.restassured.internal.ResponseSpecificationImpl.this$2$validateResponseIfRequired(ResponseSpecificationImpl.groovy)
at org.codehaus.groovy.runtime.callsite.PlainObjectMetaMethodSite.doInvoke(PlainObjectMetaMethodSite.java:43)
at org.codehaus.groovy.runtime.callsite.PogoMetaMethodSite$PogoCachedMethodSiteNoUnwrapNoCoerce.invoke(PogoMetaMethodSite.java:198)
at org.codehaus.groovy.runtime.callsite.PogoMetaMethodSite.callCurrent(PogoMetaMethodSite.java:62)
at org.codehaus.groovy.runtime.callsite.AbstractCallSite.callCurrent(AbstractCallSite.java:185)
at io.restassured.internal.ResponseSpecificationImpl.body(ResponseSpecificationImpl.groovy:107)
at io.restassured.internal.ValidatableResponseOptionsImpl.body(ValidatableResponseOptionsImpl.java:238)
at services.AnotherIncidentTests.getIncidents1(AnotherIncidentTests.java:19)
at java.base/java.util.ArrayList.forEach(ArrayList.java:1511)
... Removed 31 stack frames]]>
    </failure>
  </testcase> <!-- getIncidents1 -->
  <testcase classname="services.BaseRequest" name="@BeforeSuite setUp" time="0.0">
    <ignored/>
  </testcase> <!-- @BeforeSuite setUp -->
</testsuite> <!-- Incidents -->
